f:\visual studio 2013\projects\coptermaster\coptermaster\debug\vc120.pdb
f:\visual studio 2013\projects\coptermaster\coptermaster\debug\vc120.idb
f:\visual studio 2013\projects\coptermaster\coptermaster\debug\motors.obj
f:\visual studio 2013\projects\coptermaster\coptermaster\debug\motor_test.obj
f:\visual studio 2013\projects\coptermaster\coptermaster\debug\navigation.obj
f:\visual studio 2013\projects\coptermaster\coptermaster\debug\parameters.obj
f:\visual studio 2013\projects\coptermaster\coptermaster\debug\perf_info.obj
f:\visual studio 2013\projects\coptermaster\coptermaster\debug\pid.obj
f:\visual studio 2013\projects\coptermaster\coptermaster\debug\position_vector.obj
f:\visual studio 2013\projects\coptermaster\coptermaster\debug\precision_landing.obj
f:\visual studio 2013\projects\coptermaster\coptermaster\debug\radio.obj
f:\visual studio 2013\projects\coptermaster\coptermaster\debug\rc_channel.obj
f:\visual studio 2013\projects\coptermaster\coptermaster\debug\rc_channel_aux.obj
f:\visual studio 2013\projects\coptermaster\coptermaster\debug\sensors.obj
f:\visual studio 2013\projects\coptermaster\coptermaster\debug\setup.obj
f:\visual studio 2013\projects\coptermaster\coptermaster\debug\storagemanager.obj
f:\visual studio 2013\projects\coptermaster\coptermaster\debug\switches.obj
f:\visual studio 2013\projects\coptermaster\coptermaster\debug\system.obj
f:\visual studio 2013\projects\coptermaster\coptermaster\debug\takeoff.obj
f:\visual studio 2013\projects\coptermaster\coptermaster\debug\test.obj
f:\visual studio 2013\projects\coptermaster\coptermaster\debug\tuning.obj
f:\visual studio 2013\projects\coptermaster\coptermaster\debug\usercode.obj
f:\visual studio 2013\projects\coptermaster\coptermaster\debug\failsafe.obj
f:\visual studio 2013\projects\coptermaster\coptermaster\debug\fence.obj
f:\visual studio 2013\projects\coptermaster\coptermaster\debug\derivativefilter.obj
f:\visual studio 2013\projects\coptermaster\coptermaster\debug\lowpassfilter.obj
f:\visual studio 2013\projects\coptermaster\coptermaster\debug\lowpassfilter2p.obj
f:\visual studio 2013\projects\coptermaster\coptermaster\debug\flight_mode.obj
f:\visual studio 2013\projects\coptermaster\coptermaster\debug\gcs_console.obj
f:\visual studio 2013\projects\coptermaster\coptermaster\debug\gcs_common.obj
f:\visual studio 2013\projects\coptermaster\coptermaster\debug\gcs_logs.obj
f:\visual studio 2013\projects\coptermaster\coptermaster\debug\gcs_mavlink.obj
f:\visual studio 2013\projects\coptermaster\coptermaster\debug\gcs_serial_control.obj
f:\visual studio 2013\projects\coptermaster\coptermaster\debug\mavlink_routing.obj
f:\visual studio 2013\projects\coptermaster\coptermaster\debug\heli.obj
f:\visual studio 2013\projects\coptermaster\coptermaster\debug\heli_control_acro.obj
f:\visual studio 2013\projects\coptermaster\coptermaster\debug\heli_control_stabilize.obj
f:\visual studio 2013\projects\coptermaster\coptermaster\debug\inertia.obj
f:\visual studio 2013\projects\coptermaster\coptermaster\debug\landing_gear.obj
f:\visual studio 2013\projects\coptermaster\coptermaster\debug\land_detector.obj
f:\visual studio 2013\projects\coptermaster\coptermaster\debug\leds.obj
f:\visual studio 2013\projects\coptermaster\coptermaster\debug\log.obj
f:\visual studio 2013\projects\coptermaster\coptermaster\debug\control_loiter.obj
f:\visual studio 2013\projects\coptermaster\coptermaster\debug\control_poshold.obj
f:\visual studio 2013\projects\coptermaster\coptermaster\debug\control_rtl.obj
f:\visual studio 2013\projects\coptermaster\coptermaster\debug\control_sport.obj
f:\visual studio 2013\projects\coptermaster\coptermaster\debug\control_stabilize.obj
f:\visual studio 2013\projects\coptermaster\coptermaster\debug\copter.obj
f:\visual studio 2013\projects\coptermaster\coptermaster\debug\crash_check.obj
f:\visual studio 2013\projects\coptermaster\coptermaster\debug\dataflash.obj
f:\visual studio 2013\projects\coptermaster\coptermaster\debug\dataflash_apm1.obj
f:\visual studio 2013\projects\coptermaster\coptermaster\debug\dataflash_apm2.obj
f:\visual studio 2013\projects\coptermaster\coptermaster\debug\dataflash_backend.obj
f:\visual studio 2013\projects\coptermaster\coptermaster\debug\dataflash_block.obj
f:\visual studio 2013\projects\coptermaster\coptermaster\debug\dataflash_empty.obj
f:\visual studio 2013\projects\coptermaster\coptermaster\debug\dataflash_file.obj
f:\visual studio 2013\projects\coptermaster\coptermaster\debug\dataflash_sitl.obj
f:\visual studio 2013\projects\coptermaster\coptermaster\debug\dfmessagewriter.obj
f:\visual studio 2013\projects\coptermaster\coptermaster\debug\logfile.obj
f:\visual studio 2013\projects\coptermaster\coptermaster\debug\ekf_check.obj
f:\visual studio 2013\projects\coptermaster\coptermaster\debug\esc_calibration.obj
f:\visual studio 2013\projects\coptermaster\coptermaster\debug\events.obj
f:\visual studio 2013\projects\coptermaster\coptermaster\debug\terrainio.obj
f:\visual studio 2013\projects\coptermaster\coptermaster\debug\terrainmission.obj
f:\visual studio 2013\projects\coptermaster\coptermaster\debug\terrainutil.obj
f:\visual studio 2013\projects\coptermaster\coptermaster\debug\arducopter.obj
f:\visual studio 2013\projects\coptermaster\coptermaster\debug\attitude.obj
f:\visual studio 2013\projects\coptermaster\coptermaster\debug\capabilities.obj
f:\visual studio 2013\projects\coptermaster\coptermaster\debug\commands.obj
f:\visual studio 2013\projects\coptermaster\coptermaster\debug\commands_logic.obj
f:\visual studio 2013\projects\coptermaster\coptermaster\debug\compassmot.obj
f:\visual studio 2013\projects\coptermaster\coptermaster\debug\compat.obj
f:\visual studio 2013\projects\coptermaster\coptermaster\debug\control_acro.obj
f:\visual studio 2013\projects\coptermaster\coptermaster\debug\control_althold.obj
f:\visual studio 2013\projects\coptermaster\coptermaster\debug\control_auto.obj
f:\visual studio 2013\projects\coptermaster\coptermaster\debug\control_autotune.obj
f:\visual studio 2013\projects\coptermaster\coptermaster\debug\control_brake.obj
f:\visual studio 2013\projects\coptermaster\coptermaster\debug\control_circle.obj
f:\visual studio 2013\projects\coptermaster\coptermaster\debug\control_drift.obj
f:\visual studio 2013\projects\coptermaster\coptermaster\debug\control_flip.obj
f:\visual studio 2013\projects\coptermaster\coptermaster\debug\control_guided.obj
f:\visual studio 2013\projects\coptermaster\coptermaster\debug\control_land.obj
f:\visual studio 2013\projects\coptermaster\coptermaster\debug\ap_rangefinder_lightwareserial.obj
f:\visual studio 2013\projects\coptermaster\coptermaster\debug\ap_rangefinder_maxsonari2cxl.obj
f:\visual studio 2013\projects\coptermaster\coptermaster\debug\ap_rangefinder_pulsedlightlrf.obj
f:\visual studio 2013\projects\coptermaster\coptermaster\debug\ap_rangefinder_px4.obj
f:\visual studio 2013\projects\coptermaster\coptermaster\debug\ap_rangefinder_px4_pwm.obj
f:\visual studio 2013\projects\coptermaster\coptermaster\debug\rangefinder.obj
f:\visual studio 2013\projects\coptermaster\coptermaster\debug\rangefinder_backend.obj
f:\visual studio 2013\projects\coptermaster\coptermaster\debug\ap_rcmapper.obj
f:\visual studio 2013\projects\coptermaster\coptermaster\debug\ap_relay.obj
f:\visual studio 2013\projects\coptermaster\coptermaster\debug\ap_rpm.obj
f:\visual studio 2013\projects\coptermaster\coptermaster\debug\rpm_backend.obj
f:\visual studio 2013\projects\coptermaster\coptermaster\debug\rpm_px4_pwm.obj
f:\visual studio 2013\projects\coptermaster\coptermaster\debug\ap_rssi.obj
f:\visual studio 2013\projects\coptermaster\coptermaster\debug\ap_scheduler.obj
f:\visual studio 2013\projects\coptermaster\coptermaster\debug\ap_serialmanager.obj
f:\visual studio 2013\projects\coptermaster\coptermaster\debug\ap_servorelayevents.obj
f:\visual studio 2013\projects\coptermaster\coptermaster\debug\ap_state.obj
f:\visual studio 2013\projects\coptermaster\coptermaster\debug\ap_tecs.obj
f:\visual studio 2013\projects\coptermaster\coptermaster\debug\ap_terrain.obj
f:\visual studio 2013\projects\coptermaster\coptermaster\debug\terraingcs.obj
f:\visual studio 2013\projects\coptermaster\coptermaster\debug\rgbled.obj
f:\visual studio 2013\projects\coptermaster\coptermaster\debug\tonealarm_linux.obj
f:\visual studio 2013\projects\coptermaster\coptermaster\debug\tonealarm_px4.obj
f:\visual studio 2013\projects\coptermaster\coptermaster\debug\toshibaled.obj
f:\visual studio 2013\projects\coptermaster\coptermaster\debug\toshibaled_i2c.obj
f:\visual studio 2013\projects\coptermaster\coptermaster\debug\toshibaled_px4.obj
f:\visual studio 2013\projects\coptermaster\coptermaster\debug\vrboard_led.obj
f:\visual studio 2013\projects\coptermaster\coptermaster\debug\ap_opticalflow_hil.obj
f:\visual studio 2013\projects\coptermaster\coptermaster\debug\ap_opticalflow_linux.obj
f:\visual studio 2013\projects\coptermaster\coptermaster\debug\ap_opticalflow_px4.obj
f:\visual studio 2013\projects\coptermaster\coptermaster\debug\opticalflow.obj
f:\visual studio 2013\projects\coptermaster\coptermaster\debug\opticalflow_backend.obj
f:\visual studio 2013\projects\coptermaster\coptermaster\debug\ap_parachute.obj
f:\visual studio 2013\projects\coptermaster\coptermaster\debug\ap_param.obj
f:\visual studio 2013\projects\coptermaster\coptermaster\debug\ap_perfmon.obj
f:\visual studio 2013\projects\coptermaster\coptermaster\debug\ap_progmem_avr.obj
f:\visual studio 2013\projects\coptermaster\coptermaster\debug\ap_rally.obj
f:\visual studio 2013\projects\coptermaster\coptermaster\debug\ap_rangefinder_analog.obj
f:\visual studio 2013\projects\coptermaster\coptermaster\debug\ap_rangefinder_bbb_pru.obj
f:\visual studio 2013\projects\coptermaster\coptermaster\debug\ap_rangefinder_lightwarei2c.obj
f:\visual studio 2013\projects\coptermaster\coptermaster\debug\ap_navekf2.obj
f:\visual studio 2013\projects\coptermaster\coptermaster\debug\ap_navekf2_airdatafusion.obj
f:\visual studio 2013\projects\coptermaster\coptermaster\debug\ap_navekf2_control.obj
f:\visual studio 2013\projects\coptermaster\coptermaster\debug\ap_navekf2_core.obj
f:\visual studio 2013\projects\coptermaster\coptermaster\debug\ap_navekf2_magfusion.obj
f:\visual studio 2013\projects\coptermaster\coptermaster\debug\ap_navekf2_measurements.obj
f:\visual studio 2013\projects\coptermaster\coptermaster\debug\ap_navekf2_optflowfusion.obj
f:\visual studio 2013\projects\coptermaster\coptermaster\debug\ap_navekf2_outputs.obj
f:\visual studio 2013\projects\coptermaster\coptermaster\debug\ap_navekf2_posvelfusion.obj
f:\visual studio 2013\projects\coptermaster\coptermaster\debug\ap_navekf2_vehiclestatus.obj
f:\visual studio 2013\projects\coptermaster\coptermaster\debug\ap_navekf_gyrobias.obj
f:\visual studio 2013\projects\coptermaster\coptermaster\debug\ap_navekf.obj
f:\visual studio 2013\projects\coptermaster\coptermaster\debug\ap_smallekf.obj
f:\visual studio 2013\projects\coptermaster\coptermaster\debug\ap_boardled.obj
f:\visual studio 2013\projects\coptermaster\coptermaster\debug\ap_notify.obj
f:\visual studio 2013\projects\coptermaster\coptermaster\debug\buzzer.obj
f:\visual studio 2013\projects\coptermaster\coptermaster\debug\externalled.obj
f:\visual studio 2013\projects\coptermaster\coptermaster\debug\navioled.obj
f:\visual studio 2013\projects\coptermaster\coptermaster\debug\navioled_i2c.obj
f:\visual studio 2013\projects\coptermaster\coptermaster\debug\oreoled_px4.obj
f:\visual studio 2013\projects\coptermaster\coptermaster\debug\ap_motorsheli_rsc.obj
f:\visual studio 2013\projects\coptermaster\coptermaster\debug\ap_motorsheli_single.obj
f:\visual studio 2013\projects\coptermaster\coptermaster\debug\ap_motorshexa.obj
f:\visual studio 2013\projects\coptermaster\coptermaster\debug\ap_motorsmatrix.obj
f:\visual studio 2013\projects\coptermaster\coptermaster\debug\ap_motorsmulticopter.obj
f:\visual studio 2013\projects\coptermaster\coptermaster\debug\ap_motorsocta.obj
f:\visual studio 2013\projects\coptermaster\coptermaster\debug\ap_motorsoctaquad.obj
f:\visual studio 2013\projects\coptermaster\coptermaster\debug\ap_motorsquad.obj
f:\visual studio 2013\projects\coptermaster\coptermaster\debug\ap_motorssingle.obj
f:\visual studio 2013\projects\coptermaster\coptermaster\debug\ap_motorstri.obj
f:\visual studio 2013\projects\coptermaster\coptermaster\debug\ap_motorsy6.obj
f:\visual studio 2013\projects\coptermaster\coptermaster\debug\ap_motors_class.obj
f:\visual studio 2013\projects\coptermaster\coptermaster\debug\ap_gimbal.obj
f:\visual studio 2013\projects\coptermaster\coptermaster\debug\ap_mount.obj
f:\visual studio 2013\projects\coptermaster\coptermaster\debug\ap_mount_alexmos.obj
f:\visual studio 2013\projects\coptermaster\coptermaster\debug\ap_mount_backend.obj
f:\visual studio 2013\projects\coptermaster\coptermaster\debug\ap_mount_mavlink.obj
f:\visual studio 2013\projects\coptermaster\coptermaster\debug\ap_mount_servo.obj
f:\visual studio 2013\projects\coptermaster\coptermaster\debug\ap_mount_storm32.obj
f:\visual studio 2013\projects\coptermaster\coptermaster\debug\ap_mount_storm32_serial.obj
f:\visual studio 2013\projects\coptermaster\coptermaster\debug\ap_inertialsensor_userinteract_mavlink.obj
f:\visual studio 2013\projects\coptermaster\coptermaster\debug\ap_inertialsensor_userinteract_stream.obj
f:\visual studio 2013\projects\coptermaster\coptermaster\debug\auxiliarybus.obj
f:\visual studio 2013\projects\coptermaster\coptermaster\debug\ap_irlock_px4.obj
f:\visual studio 2013\projects\coptermaster\coptermaster\debug\irlock.obj
f:\visual studio 2013\projects\coptermaster\coptermaster\debug\ap_l1_control.obj
f:\visual studio 2013\projects\coptermaster\coptermaster\debug\ap_landinggear.obj
f:\visual studio 2013\projects\coptermaster\coptermaster\debug\ap_math.obj
f:\visual studio 2013\projects\coptermaster\coptermaster\debug\edc.obj
f:\visual studio 2013\projects\coptermaster\coptermaster\debug\location.obj
f:\visual studio 2013\projects\coptermaster\coptermaster\debug\matrix3.obj
f:\visual studio 2013\projects\coptermaster\coptermaster\debug\matrix_alg.obj
f:\visual studio 2013\projects\coptermaster\coptermaster\debug\polygon.obj
f:\visual studio 2013\projects\coptermaster\coptermaster\debug\quaternion.obj
f:\visual studio 2013\projects\coptermaster\coptermaster\debug\vector2.obj
f:\visual studio 2013\projects\coptermaster\coptermaster\debug\vector3.obj
f:\visual studio 2013\projects\coptermaster\coptermaster\debug\ap_menu.obj
f:\visual studio 2013\projects\coptermaster\coptermaster\debug\ap_mission.obj
f:\visual studio 2013\projects\coptermaster\coptermaster\debug\ap_motorscoax.obj
f:\visual studio 2013\projects\coptermaster\coptermaster\debug\ap_motorsheli.obj
f:\visual studio 2013\projects\coptermaster\coptermaster\debug\i2cdriver.obj
f:\visual studio 2013\projects\coptermaster\coptermaster\debug\privatemember.obj
f:\visual studio 2013\projects\coptermaster\coptermaster\debug\rcinput.obj
f:\visual studio 2013\projects\coptermaster\coptermaster\debug\rcoutput.obj
f:\visual studio 2013\projects\coptermaster\coptermaster\debug\scheduler.obj
f:\visual studio 2013\projects\coptermaster\coptermaster\debug\semaphores.obj
f:\visual studio 2013\projects\coptermaster\coptermaster\debug\spidriver.obj
f:\visual studio 2013\projects\coptermaster\coptermaster\debug\storage.obj
f:\visual studio 2013\projects\coptermaster\coptermaster\debug\ap_inertialnav_navekf.obj
f:\visual studio 2013\projects\coptermaster\coptermaster\debug\ap_inertialsensor.obj
f:\visual studio 2013\projects\coptermaster\coptermaster\debug\ap_inertialsensor_backend.obj
f:\visual studio 2013\projects\coptermaster\coptermaster\debug\ap_inertialsensor_flymaple.obj
f:\visual studio 2013\projects\coptermaster\coptermaster\debug\ap_inertialsensor_hil.obj
f:\visual studio 2013\projects\coptermaster\coptermaster\debug\ap_inertialsensor_l3g4200d.obj
f:\visual studio 2013\projects\coptermaster\coptermaster\debug\ap_inertialsensor_lsm9ds0.obj
f:\visual studio 2013\projects\coptermaster\coptermaster\debug\ap_inertialsensor_mpu6000.obj
f:\visual studio 2013\projects\coptermaster\coptermaster\debug\ap_inertialsensor_mpu9150.obj
f:\visual studio 2013\projects\coptermaster\coptermaster\debug\ap_inertialsensor_mpu9250.obj
f:\visual studio 2013\projects\coptermaster\coptermaster\debug\ap_inertialsensor_oilpan.obj
f:\visual studio 2013\projects\coptermaster\coptermaster\debug\ap_inertialsensor_px4.obj
f:\visual studio 2013\projects\coptermaster\coptermaster\debug\ap_gps_mtk.obj
f:\visual studio 2013\projects\coptermaster\coptermaster\debug\ap_gps_mtk19.obj
f:\visual studio 2013\projects\coptermaster\coptermaster\debug\ap_gps_nmea.obj
f:\visual studio 2013\projects\coptermaster\coptermaster\debug\ap_gps_px4.obj
f:\visual studio 2013\projects\coptermaster\coptermaster\debug\ap_gps_sbf.obj
f:\visual studio 2013\projects\coptermaster\coptermaster\debug\ap_gps_sbp.obj
f:\visual studio 2013\projects\coptermaster\coptermaster\debug\ap_gps_sirf.obj
f:\visual studio 2013\projects\coptermaster\coptermaster\debug\ap_gps_ublox.obj
f:\visual studio 2013\projects\coptermaster\coptermaster\debug\gps_backend.obj
f:\visual studio 2013\projects\coptermaster\coptermaster\debug\hal.obj
f:\visual studio 2013\projects\coptermaster\coptermaster\debug\util.obj
f:\visual studio 2013\projects\coptermaster\coptermaster\debug\ftoa_engine.obj
f:\visual studio 2013\projects\coptermaster\coptermaster\debug\getopt_cpp.obj
f:\visual studio 2013\projects\coptermaster\coptermaster\debug\print.obj
f:\visual studio 2013\projects\coptermaster\coptermaster\debug\print_vprintf.obj
f:\visual studio 2013\projects\coptermaster\coptermaster\debug\socket.obj
f:\visual studio 2013\projects\coptermaster\coptermaster\debug\utoa_invert.obj
f:\visual studio 2013\projects\coptermaster\coptermaster\debug\analogin.obj
f:\visual studio 2013\projects\coptermaster\coptermaster\debug\gpio.obj
f:\visual studio 2013\projects\coptermaster\coptermaster\debug\hal_empty_class.obj
f:\visual studio 2013\projects\coptermaster\coptermaster\debug\ap_boardconfig.obj
f:\visual studio 2013\projects\coptermaster\coptermaster\debug\ap_camera.obj
f:\visual studio 2013\projects\coptermaster\coptermaster\debug\ap_common.obj
f:\visual studio 2013\projects\coptermaster\coptermaster\debug\c++.obj
f:\visual studio 2013\projects\coptermaster\coptermaster\debug\ap_compass_ak8963.obj
f:\visual studio 2013\projects\coptermaster\coptermaster\debug\ap_compass_backend.obj
f:\visual studio 2013\projects\coptermaster\coptermaster\debug\ap_compass_calibration.obj
f:\visual studio 2013\projects\coptermaster\coptermaster\debug\ap_compass_hil.obj
f:\visual studio 2013\projects\coptermaster\coptermaster\debug\ap_compass_hmc5843.obj
f:\visual studio 2013\projects\coptermaster\coptermaster\debug\ap_compass_lsm303d.obj
f:\visual studio 2013\projects\coptermaster\coptermaster\debug\ap_compass_px4.obj
f:\visual studio 2013\projects\coptermaster\coptermaster\debug\compass.obj
f:\visual studio 2013\projects\coptermaster\coptermaster\debug\compasscalibrator.obj
f:\visual studio 2013\projects\coptermaster\coptermaster\debug\compass_learn.obj
f:\visual studio 2013\projects\coptermaster\coptermaster\debug\ap_curve.obj
f:\visual studio 2013\projects\coptermaster\coptermaster\debug\ap_declination.obj
f:\visual studio 2013\projects\coptermaster\coptermaster\debug\ap_epm.obj
f:\visual studio 2013\projects\coptermaster\coptermaster\debug\ap_frsky_telem.obj
f:\visual studio 2013\projects\coptermaster\coptermaster\debug\ap_gps.obj
f:\visual studio 2013\projects\coptermaster\coptermaster\debug\ap_gps_gsof.obj
f:\visual studio 2013\projects\coptermaster\coptermaster\debug\ap_ahrs_dcm.obj
f:\visual studio 2013\projects\coptermaster\coptermaster\debug\ap_ahrs_navekf.obj
f:\visual studio 2013\projects\coptermaster\coptermaster\debug\airspeed_calibration.obj
f:\visual studio 2013\projects\coptermaster\coptermaster\debug\ap_airspeed.obj
f:\visual studio 2013\projects\coptermaster\coptermaster\debug\ap_airspeed_analog.obj
f:\visual studio 2013\projects\coptermaster\coptermaster\debug\ap_airspeed_i2c.obj
f:\visual studio 2013\projects\coptermaster\coptermaster\debug\ap_airspeed_px4.obj
f:\visual studio 2013\projects\coptermaster\coptermaster\debug\ap_arming.obj
f:\visual studio 2013\projects\coptermaster\coptermaster\debug\ap_baro.obj
f:\visual studio 2013\projects\coptermaster\coptermaster\debug\ap_baro_backend.obj
f:\visual studio 2013\projects\coptermaster\coptermaster\debug\ap_baro_bmp085.obj
f:\visual studio 2013\projects\coptermaster\coptermaster\debug\ap_baro_hil.obj
f:\visual studio 2013\projects\coptermaster\coptermaster\debug\ap_baro_ms5611.obj
f:\visual studio 2013\projects\coptermaster\coptermaster\debug\ap_baro_px4.obj
f:\visual studio 2013\projects\coptermaster\coptermaster\debug\ap_battmonitor.obj
f:\visual studio 2013\projects\coptermaster\coptermaster\debug\ap_battmonitor_analog.obj
f:\visual studio 2013\projects\coptermaster\coptermaster\debug\ap_battmonitor_backend.obj
f:\visual studio 2013\projects\coptermaster\coptermaster\debug\ap_battmonitor_bebop.obj
f:\visual studio 2013\projects\coptermaster\coptermaster\debug\ap_battmonitor_smbus_i2c.obj
f:\visual studio 2013\projects\coptermaster\coptermaster\debug\ap_battmonitor_smbus_px4.obj
f:\visual studio 2013\projects\coptermaster\coptermaster\debug\ac_pid.obj
f:\visual studio 2013\projects\coptermaster\coptermaster\debug\ac_pi_2d.obj
f:\visual studio 2013\projects\coptermaster\coptermaster\debug\ac_precland.obj
f:\visual studio 2013\projects\coptermaster\coptermaster\debug\ac_precland_companion.obj
f:\visual studio 2013\projects\coptermaster\coptermaster\debug\ac_precland_irlock.obj
f:\visual studio 2013\projects\coptermaster\coptermaster\debug\ac_sprayer.obj
f:\visual studio 2013\projects\coptermaster\coptermaster\debug\ac_circle.obj
f:\visual studio 2013\projects\coptermaster\coptermaster\debug\ac_wpnav.obj
f:\visual studio 2013\projects\coptermaster\coptermaster\debug\ap_autotune.obj
f:\visual studio 2013\projects\coptermaster\coptermaster\debug\ap_pitchcontroller.obj
f:\visual studio 2013\projects\coptermaster\coptermaster\debug\ap_rollcontroller.obj
f:\visual studio 2013\projects\coptermaster\coptermaster\debug\ap_steercontroller.obj
f:\visual studio 2013\projects\coptermaster\coptermaster\debug\ap_yawcontroller.obj
f:\visual studio 2013\projects\coptermaster\coptermaster\debug\apm_obc.obj
f:\visual studio 2013\projects\coptermaster\coptermaster\debug\apm_pi.obj
f:\visual studio 2013\projects\coptermaster\coptermaster\debug\ap_adc.obj
f:\visual studio 2013\projects\coptermaster\coptermaster\debug\ap_adc_ads1115.obj
f:\visual studio 2013\projects\coptermaster\coptermaster\debug\ap_adc_ads7844.obj
f:\visual studio 2013\projects\coptermaster\coptermaster\debug\ap_adc_analogsource.obj
f:\visual studio 2013\projects\coptermaster\coptermaster\debug\ap_ahrs.obj
f:\visual studio 2013\projects\coptermaster\coptermaster\debug\ac_attitudecontrol.obj
f:\visual studio 2013\projects\coptermaster\coptermaster\debug\ac_attitudecontrol_heli.obj
f:\visual studio 2013\projects\coptermaster\coptermaster\debug\ac_attitudecontrol_multi.obj
f:\visual studio 2013\projects\coptermaster\coptermaster\debug\ac_poscontrol.obj
f:\visual studio 2013\projects\coptermaster\coptermaster\debug\ac_fence.obj
f:\visual studio 2013\projects\coptermaster\coptermaster\debug\ac_heli_pid.obj
f:\visual studio 2013\projects\coptermaster\coptermaster\debug\ac_p.obj
f:\visual studio 2013\projects\coptermaster\debug\coptermaster.ilk
f:\visual studio 2013\projects\coptermaster\debug\coptermaster.exe
f:\visual studio 2013\projects\coptermaster\debug\coptermaster.pdb
f:\visual studio 2013\projects\coptermaster\coptermaster\debug\coptermaster.tlog\cl.command.1.tlog
f:\visual studio 2013\projects\coptermaster\coptermaster\debug\coptermaster.tlog\cl.read.1.tlog
f:\visual studio 2013\projects\coptermaster\coptermaster\debug\coptermaster.tlog\cl.write.1.tlog
f:\visual studio 2013\projects\coptermaster\coptermaster\debug\coptermaster.tlog\link.command.1.tlog
f:\visual studio 2013\projects\coptermaster\coptermaster\debug\coptermaster.tlog\link.read.1.tlog
f:\visual studio 2013\projects\coptermaster\coptermaster\debug\coptermaster.tlog\link.write.1.tlog
